Test (2C): basic persistence ...
labgob warning: Decoding into a non-default variable/field int may not work
  ... Passed --   2.8  3  106   26297    6
Test (2C): more persistence ...
--- FAIL: TestPersist22C (14.25s)
    config.go:546: one(19) failed to reach agreement cause time out
Test (2C): partitioned leader and one follower crash, leader restarts ...
  ... Passed --   1.1  3   40   10059    4
Test (2C): Figure 8 ...
  ... Passed --  55.3  5 3260 1836237  125
Test (2C): unreliable agreement ...
  ... Passed --   2.2  5 1124  379005  246
Test (2C): Figure 8 (unreliable) ...
--- FAIL: TestFigure8Unreliable2C (39.07s)
    config.go:546: one(8829) failed to reach agreement cause time out
Test (2C): churn ...
  ... Passed --  16.2  5 5196 10974565 1064
Test (2C): unreliable churn ...
  ... Passed --  16.5  5 3700 4067065  600
FAIL
exit status 1
FAIL	6.824/raft	147.613s
